app/build/intermediates/manifest_merge_blame_file/debug/manifest-merger-blame-debug-report.txt
1<?xml version="1.0" encoding="utf-8"?>
2<manifest xmlns:android="http://schemas.android.com/apk/res/android"
3    package="com.example.deliverynest"
4    android:versionCode="1"
5    android:versionName="1.0" >
6
7    <uses-sdk
8        android:minSdkVersion="22"
8-->src\main\AndroidManifest.xml
9        android:targetSdkVersion="33" />
9-->src\main\AndroidManifest.xml
10
11    <!-- Although the *SdkVersion is captured in gradle build files, this is required for non gradle builds -->
12    <!-- <uses-sdk android:minSdkVersion="14"/> -->
13    <uses-permission android:name="android.permission.ACCESS_NETWORK_STATE" />
13-->[com.google.firebase:firebase-database:20.0.4] AndroidManifest.xml:25:5-79
13-->[com.google.firebase:firebase-database:20.0.4] AndroidManifest.xml:25:22-76
14    <uses-permission android:name="android.permission.INTERNET" />
14-->[com.google.firebase:firebase-database:20.0.4] AndroidManifest.xml:26:5-67
14-->[com.google.firebase:firebase-database:20.0.4] AndroidManifest.xml:26:22-64
15
16    <application
16-->src\main\AndroidManifest.xml:5:5-38:19
17        android:allowBackup="true"
17-->src\main\AndroidManifest.xml:6:9-35
18        android:appComponentFactory="androidx.core.app.CoreComponentFactory"
18-->[androidx.core:core:1.8.0] AndroidManifest.xml:24:18-86
19        android:dataExtractionRules="@xml/data_extraction_rules"
19-->src\main\AndroidManifest.xml:7:9-65
20        android:debuggable="true"
21        android:fullBackupContent="@xml/backup_rules"
21-->src\main\AndroidManifest.xml:8:9-54
22        android:icon="@drawable/mainlogo"
22-->src\main\AndroidManifest.xml:9:9-42
23        android:label="@string/app_name"
23-->src\main\AndroidManifest.xml:10:9-41
24        android:supportsRtl="true"
24-->src\main\AndroidManifest.xml:11:9-35
25        android:testOnly="true"
26        android:theme="@style/Theme.DeliveryNest" >
26-->src\main\AndroidManifest.xml:12:9-50
27        <activity
27-->src\main\AndroidManifest.xml:14:9-16:40
28            android:name="com.example.deliverynest.PaymentPage"
28-->src\main\AndroidManifest.xml:15:13-40
29            android:exported="false" />
29-->src\main\AndroidManifest.xml:16:13-37
30        <activity
30-->src\main\AndroidManifest.xml:17:9-21:20
31            android:name="com.example.deliverynest.CreateOrder"
31-->src\main\AndroidManifest.xml:18:13-40
32            android:exported="true" >
32-->src\main\AndroidManifest.xml:19:13-36
33        </activity>
34        <activity
34-->src\main\AndroidManifest.xml:22:9-30:20
35            android:name="com.example.deliverynest.AboutUs"
35-->src\main\AndroidManifest.xml:23:13-36
36            android:exported="true" >
36-->src\main\AndroidManifest.xml:24:13-36
37            <intent-filter>
37-->src\main\AndroidManifest.xml:25:13-29:29
38                <action android:name="android.intent.action.MAIN" />
38-->src\main\AndroidManifest.xml:26:17-69
38-->src\main\AndroidManifest.xml:26:25-66
39
40                <category android:name="android.intent.category.LAUNCHER" />
40-->src\main\AndroidManifest.xml:28:17-77
40-->src\main\AndroidManifest.xml:28:27-74
41            </intent-filter>
42        </activity>
43        <activity
43-->src\main\AndroidManifest.xml:31:9-37:20
44            android:name="com.example.deliverynest.ProfilePage"
44-->src\main\AndroidManifest.xml:32:13-40
45            android:exported="true" >
45-->src\main\AndroidManifest.xml:33:13-36
46            <meta-data
46-->src\main\AndroidManifest.xml:34:13-36:36
47                android:name="android.app.lib_name"
47-->src\main\AndroidManifest.xml:35:17-52
48                android:value="" />
48-->src\main\AndroidManifest.xml:36:17-33
49        </activity>
50
51        <service
51-->[com.google.firebase:firebase-database:20.0.4] AndroidManifest.xml:29:9-35:19
52            android:name="com.google.firebase.components.ComponentDiscoveryService"
52-->[com.google.firebase:firebase-database:20.0.4] AndroidManifest.xml:30:13-84
53            android:directBootAware="true"
53-->[com.google.firebase:firebase-common:20.1.0] AndroidManifest.xml:35:13-43
54            android:exported="false" >
54-->[com.google.firebase:firebase-database:20.0.4] AndroidManifest.xml:31:13-37
55            <meta-data
55-->[com.google.firebase:firebase-database:20.0.4] AndroidManifest.xml:32:13-34:85
56                android:name="com.google.firebase.components:com.google.firebase.database.DatabaseRegistrar"
56-->[com.google.firebase:firebase-database:20.0.4] AndroidManifest.xml:33:17-109
57                android:value="com.google.firebase.components.ComponentRegistrar" />
57-->[com.google.firebase:firebase-database:20.0.4] AndroidManifest.xml:34:17-82
58        </service>
59
60        <provider
60-->[com.google.firebase:firebase-common:20.1.0] AndroidManifest.xml:26:9-31:39
61            android:name="com.google.firebase.provider.FirebaseInitProvider"
61-->[com.google.firebase:firebase-common:20.1.0] AndroidManifest.xml:27:13-77
62            android:authorities="com.example.deliverynest.firebaseinitprovider"
62-->[com.google.firebase:firebase-common:20.1.0] AndroidManifest.xml:28:13-72
63            android:directBootAware="true"
63-->[com.google.firebase:firebase-common:20.1.0] AndroidManifest.xml:29:13-43
64            android:exported="false"
64-->[com.google.firebase:firebase-common:20.1.0] AndroidManifest.xml:30:13-37
65            android:initOrder="100" />
65-->[com.google.firebase:firebase-common:20.1.0] AndroidManifest.xml:31:13-36
66
67        <activity
67-->[com.google.android.gms:play-services-base:18.0.1] AndroidManifest.xml:20:9-22:45
68            android:name="com.google.android.gms.common.api.GoogleApiActivity"
68-->[com.google.android.gms:play-services-base:18.0.1] AndroidManifest.xml:20:19-85
69            android:exported="false"
69-->[com.google.android.gms:play-services-base:18.0.1] AndroidManifest.xml:22:19-43
70            android:theme="@android:style/Theme.Translucent.NoTitleBar" />
70-->[com.google.android.gms:play-services-base:18.0.1] AndroidManifest.xml:21:19-78
71
72        <meta-data
72-->[com.google.android.gms:play-services-basement:18.0.0] AndroidManifest.xml:21:9-23:69
73            android:name="com.google.android.gms.version"
73-->[com.google.android.gms:play-services-basement:18.0.0] AndroidManifest.xml:22:13-58
74            android:value="@integer/google_play_services_version" />
74-->[com.google.android.gms:play-services-basement:18.0.0] AndroidManifest.xml:23:13-66
75
76        <provider
76-->[androidx.emoji2:emoji2:1.2.0] AndroidManifest.xml:24:9-32:20
77            android:name="androidx.startup.InitializationProvider"
77-->[androidx.emoji2:emoji2:1.2.0] AndroidManifest.xml:25:13-67
78            android:authorities="com.example.deliverynest.androidx-startup"
78-->[androidx.emoji2:emoji2:1.2.0] AndroidManifest.xml:26:13-68
79            android:exported="false" >
79-->[androidx.emoji2:emoji2:1.2.0] AndroidManifest.xml:27:13-37
80            <meta-data
80-->[androidx.emoji2:emoji2:1.2.0] AndroidManifest.xml:29:13-31:52
81                android:name="androidx.emoji2.text.EmojiCompatInitializer"
81-->[androidx.emoji2:emoji2:1.2.0] AndroidManifest.xml:30:17-75
82                android:value="androidx.startup" />
82-->[androidx.emoji2:emoji2:1.2.0] AndroidManifest.xml:31:17-49
83            <meta-data
83-->[androidx.lifecycle:lifecycle-process:2.4.1] AndroidManifest.xml:31:13-33:52
84                android:name="androidx.lifecycle.ProcessLifecycleInitializer"
84-->[androidx.lifecycle:lifecycle-process:2.4.1] AndroidManifest.xml:32:17-78
85                android:value="androidx.startup" />
85-->[androidx.lifecycle:lifecycle-process:2.4.1] AndroidManifest.xml:33:17-49
86        </provider>
87    </application>
88
89</manifest>